Started at Mon Jul 15 00:56:25 IST 2024
Processing test
Offering test to Project Build Discarder
Finished at Mon Jul 15 00:56:25 IST 2024. 2ms
Started at Mon Jul 15 01:56:25 IST 2024
Processing t2
Offering t2 to Project Build Discarder
Processing test
Offering test to Project Build Discarder
Finished at Mon Jul 15 01:56:25 IST 2024. 3ms
Started at Mon Jul 15 02:56:25 IST 2024
Processing t2
Offering t2 to Project Build Discarder
Processing test
Offering test to Project Build Discarder
Finished at Mon Jul 15 02:56:25 IST 2024. 4ms
Started at Mon Jul 15 03:56:24 IST 2024
Processing t2
Offering t2 to Project Build Discarder
Processing test
Offering test to Project Build Discarder
Finished at Mon Jul 15 03:56:24 IST 2024. 3ms
Started at Mon Jul 15 04:56:24 IST 2024
Processing t2
Offering t2 to Project Build Discarder
Processing test
Offering test to Project Build Discarder
Finished at Mon Jul 15 04:56:24 IST 2024. 2ms
Started at Mon Jul 15 05:56:24 IST 2024
Processing t2
Offering t2 to Project Build Discarder
Processing test
Offering test to Project Build Discarder
Finished at Mon Jul 15 05:56:24 IST 2024. 2ms
Started at Mon Jul 15 06:56:24 IST 2024
Processing t2
Offering t2 to Project Build Discarder
Processing test
Offering test to Project Build Discarder
Finished at Mon Jul 15 06:56:24 IST 2024. 3ms
Started at Mon Jul 15 07:56:24 IST 2024
Processing t2
Offering t2 to Project Build Discarder
Processing test
Offering test to Project Build Discarder
Finished at Mon Jul 15 07:56:24 IST 2024. 1ms
Started at Mon Jul 15 08:56:24 IST 2024
Processing t2
Offering t2 to Project Build Discarder
Processing test
Offering test to Project Build Discarder
Finished at Mon Jul 15 08:56:24 IST 2024. 2ms
Started at Mon Jul 15 09:56:24 IST 2024
Processing t2
Offering t2 to Project Build Discarder
Processing test
Offering test to Project Build Discarder
Finished at Mon Jul 15 09:56:24 IST 2024. 3ms
